app/build/outputs/logs/manifest-merger-debug-report.txt
-- Merging decision tree log ---
manifest
ADDED from src/main/AndroidManifest.xml:2:1-45:12
INJECTED from src/main/AndroidManifest.xml:2:1-45:12
INJECTED from src/main/AndroidManifest.xml:2:1-45:12
INJECTED from src/main/AndroidManifest.xml:2:1-45:12
INJECTED from src/main/AndroidManifest.xml:2:1-45:12
INJECTED from src/main/AndroidManifest.xml:2:1-45:12
INJECTED from src/main/AndroidManifest.xml:2:1-45:12
	package
		ADDED from src/main/AndroidManifest.xml:3:5-45
		INJECTED from src/main/AndroidManifest.xml
		INJECTED from src/main/AndroidManifest.xml
	android:versionName
		ADDED from src/main/AndroidManifest.xml:5:5-48
		INJECTED from src/main/AndroidManifest.xml
		INJECTED from src/main/AndroidManifest.xml
	xmlns:android
		ADDED from src/main/AndroidManifest.xml:2:11-69
	android:versionCode
		ADDED from src/main/AndroidManifest.xml:4:5-33
		INJECTED from src/main/AndroidManifest.xml
		INJECTED from src/main/AndroidManifest.xml
uses-sdk
ADDED from src/main/AndroidManifest.xml:8:5-10:41
INJECTED from src/main/AndroidManifest.xml:8:5-10:41
INJECTED from src/main/AndroidManifest.xml:8:5-10:41
INJECTED from src/main/AndroidManifest.xml:8:5-10:41
INJECTED from src/main/AndroidManifest.xml:8:5-10:41
	android:targetSdkVersion
		ADDED from src/main/AndroidManifest.xml:10:9-38
		INJECTED from src/main/AndroidManifest.xml
		INJECTED from src/main/AndroidManifest.xml
	android:minSdkVersion
		ADDED from src/main/AndroidManifest.xml:9:9-35
		INJECTED from src/main/AndroidManifest.xml
		INJECTED from src/main/AndroidManifest.xml
application
ADDED from src/main/AndroidManifest.xml:12:5-29:19
	android:label
		ADDED from src/main/AndroidManifest.xml:15:9-41
	android:hardwareAccelerated
		ADDED from src/main/AndroidManifest.xml:13:9-44
	android:largeHeap
		ADDED from src/main/AndroidManifest.xml:16:9-33
	android:icon
		ADDED from src/main/AndroidManifest.xml:14:9-45
	android:theme
		ADDED from src/main/AndroidManifest.xml:17:9-40
activity#com.android.tcl.tensorflow.RecognizeTensorFlow
ADDED from src/main/AndroidManifest.xml:18:9-26:20
	android:label
		ADDED from src/main/AndroidManifest.xml:20:13-45
	android:name
		ADDED from src/main/AndroidManifest.xml:19:13-74
intent-filter#action:name:android.intent.action.MAIN+category:name:android.intent.category.LAUNCHER
ADDED from src/main/AndroidManifest.xml:21:13-25:29
action#android.intent.action.MAIN
ADDED from src/main/AndroidManifest.xml:22:17-69
	android:name
		ADDED from src/main/AndroidManifest.xml:22:25-66
category#android.intent.category.LAUNCHER
ADDED from src/main/AndroidManifest.xml:24:17-77
	android:name
		ADDED from src/main/AndroidManifest.xml:24:27-74
uses-permission#android.permission.INTERNET
ADDED from src/main/AndroidManifest.xml:31:5-32:23
	android:name
		ADDED from src/main/AndroidManifest.xml:31:22-64
uses-permission#android.permission.ACCESS_WIFI_STATE
ADDED from src/main/AndroidManifest.xml:33:5-34:23
	android:name
		ADDED from src/main/AndroidManifest.xml:33:22-73
uses-permission#android.permission.ACCESS_NETWORK_STATE
ADDED from src/main/AndroidManifest.xml:35:5-36:23
	android:name
		ADDED from src/main/AndroidManifest.xml:35:22-76
uses-permission#android.permission.CHANGE_WIFI_STATE
ADDED from src/main/AndroidManifest.xml:37:5-38:23
	android:name
		ADDED from src/main/AndroidManifest.xml:37:22-73
uses-permission#android.permission.GET_TASKS
ADDED from src/main/AndroidManifest.xml:39:5-68
	android:name
		ADDED from src/main/AndroidManifest.xml:39:22-65
uses-permission#android.permission.SYSTEM_ALERT_WINDOW
ADDED from src/main/AndroidManifest.xml:40:5-78
	android:name
		ADDED from src/main/AndroidManifest.xml:40:22-75
uses-permission#android.permission.READ_EXTERNAL_STORAGE
ADDED from src/main/AndroidManifest.xml:42:5-80
	android:name
		ADDED from src/main/AndroidManifest.xml:42:22-77
uses-permission#android.permission.WRITE_EXTERNAL_STORAGE
ADDED from src/main/AndroidManifest.xml:43:5-81
	android:name
		ADDED from src/main/AndroidManifest.xml:43:22-78